{"@timestamp":"2025-05-20T16:53:30.334314+01:00","@version":"1","message":"Starting AbortUpdateAndRetryTest using Java 23.0.2 with PID 34712 (started by tomasnascimento in /Users/tomasnascimento/Desktop/Microservices Simulator Fault Analysis Enriched/microservices-simulator/applications/quizzes)","logger_name":"pt.ulisboa.tecnico.socialsoftware.quizzes.sagas.coordination.AbortUpdateAndRetryTest","thread_name":"main","level":"INFO","level_value":20000}
{"@timestamp":"2025-05-20T16:53:30.353055+01:00","@version":"1","message":"The following 1 profile is active: \"sagas\"","logger_name":"pt.ulisboa.tecnico.socialsoftware.quizzes.sagas.coordination.AbortUpdateAndRetryTest","thread_name":"main","level":"INFO","level_value":20000}
{"@timestamp":"2025-05-20T16:53:31.243458+01:00","@version":"1","message":"Bootstrapping Spring Data JPA repositories in DEFAULT mode.","logger_name":"org.springframework.data.repository.config.RepositoryConfigurationDelegate","thread_name":"main","level":"INFO","level_value":20000}
{"@timestamp":"2025-05-20T16:53:31.46635+01:00","@version":"1","message":"Finished Spring Data repository scanning in 207 ms. Found 14 JPA repository interfaces.","logger_name":"org.springframework.data.repository.config.RepositoryConfigurationDelegate","thread_name":"main","level":"INFO","level_value":20000}
{"@timestamp":"2025-05-20T16:53:31.741969+01:00","@version":"1","message":"Replacing 'dataSource' DataSource bean with embedded version","logger_name":"org.springframework.boot.test.autoconfigure.jdbc.TestDatabaseAutoConfiguration$EmbeddedDataSourceBeanFactoryPostProcessor","thread_name":"main","level":"INFO","level_value":20000}
{"@timestamp":"2025-05-20T16:53:32.082097+01:00","@version":"1","message":"Starting embedded database: url='jdbc:h2:mem:1edfe909-a974-4986-a1f1-c7424180dcec;DB_CLOSE_DELAY=-1;DB_CLOSE_ON_EXIT=false', username='sa'","logger_name":"org.springframework.jdbc.datasource.embedded.EmbeddedDatabaseFactory","thread_name":"main","level":"INFO","level_value":20000}
{"@timestamp":"2025-05-20T16:53:32.703713+01:00","@version":"1","message":"HHH000204: Processing PersistenceUnitInfo [name: default]","logger_name":"org.hibernate.jpa.internal.util.LogHelper","thread_name":"main","level":"INFO","level_value":20000}
{"@timestamp":"2025-05-20T16:53:32.812101+01:00","@version":"1","message":"HHH000412: Hibernate ORM core version 6.5.3.Final","logger_name":"org.hibernate.Version","thread_name":"main","level":"INFO","level_value":20000}
{"@timestamp":"2025-05-20T16:53:32.864048+01:00","@version":"1","message":"HHH000026: Second-level cache disabled","logger_name":"org.hibernate.cache.internal.RegionFactoryInitiator","thread_name":"main","level":"INFO","level_value":20000}
{"@timestamp":"2025-05-20T16:53:33.461536+01:00","@version":"1","message":"No LoadTimeWeaver setup: ignoring JPA class transformer","logger_name":"org.springframework.orm.jpa.persistenceunit.SpringPersistenceUnitInfo","thread_name":"main","level":"INFO","level_value":20000}
{"@timestamp":"2025-05-20T16:53:33.558781+01:00","@version":"1","message":"HHH90000025: H2Dialect does not need to be specified explicitly using 'hibernate.dialect' (remove the property setting and it will be selected by default)","logger_name":"org.hibernate.orm.deprecation","thread_name":"main","level":"WARN","level_value":30000}
{"@timestamp":"2025-05-20T16:53:36.486572+01:00","@version":"1","message":"HHH000489: No JTA platform available (set 'hibernate.transaction.jta.platform' to enable JTA platform integration)","logger_name":"org.hibernate.engine.transaction.jta.platform.internal.JtaPlatformInitiator","thread_name":"main","level":"INFO","level_value":20000}
{"@timestamp":"2025-05-20T16:53:36.628532+01:00","@version":"1","message":"Initialized JPA EntityManagerFactory for persistence unit 'default'","logger_name":"org.springframework.orm.jpa.LocalContainerEntityManagerFactoryBean","thread_name":"main","level":"INFO","level_value":20000}
{"@timestamp":"2025-05-20T16:53:37.061351+01:00","@version":"1","message":"Hibernate is in classpath; If applicable, HQL parser will be used.","logger_name":"org.springframework.data.jpa.repository.query.QueryEnhancerFactory","thread_name":"main","level":"INFO","level_value":20000}
{"@timestamp":"2025-05-20T16:53:38.966168+01:00","@version":"1","message":"No TaskScheduler/ScheduledExecutorService bean found for scheduled processing","logger_name":"org.springframework.scheduling.config.TaskSchedulerRouter","thread_name":"main","level":"INFO","level_value":20000}
{"@timestamp":"2025-05-20T16:53:38.969304+01:00","@version":"1","message":"Started AbortUpdateAndRetryTest in 10.062 seconds (process running for 13.056)","logger_name":"pt.ulisboa.tecnico.socialsoftware.quizzes.sagas.coordination.AbortUpdateAndRetryTest","thread_name":"main","level":"INFO","level_value":20000}
{"@timestamp":"2025-05-20T16:53:39.899971+01:00","@version":"1","message":"START EXECUTION FUNCTIONALITY: createCourseExecution with version 1","logger_name":"pt.ulisboa.tecnico.socialsoftware.ms.sagas.workflow.SagaSyncStep","thread_name":"main","level":"INFO","level_value":20000}
{"@timestamp":"2025-05-20T16:53:40.001151+01:00","@version":"1","message":"END EXECUTION FUNCTIONALITY: createCourseExecution with version 2","logger_name":"pt.ulisboa.tecnico.socialsoftware.ms.sagas.workflow.SagaSyncStep","thread_name":"main","level":"INFO","level_value":20000}
{"@timestamp":"2025-05-20T16:53:40.032265+01:00","@version":"1","message":"START EXECUTION FUNCTIONALITY: createUser with version 3","logger_name":"pt.ulisboa.tecnico.socialsoftware.ms.sagas.workflow.SagaSyncStep","thread_name":"main","level":"INFO","level_value":20000}
{"@timestamp":"2025-05-20T16:53:40.036291+01:00","@version":"1","message":"END EXECUTION FUNCTIONALITY: createUser with version 3","logger_name":"pt.ulisboa.tecnico.socialsoftware.ms.sagas.workflow.SagaSyncStep","thread_name":"main","level":"INFO","level_value":20000}
{"@timestamp":"2025-05-20T16:53:40.051304+01:00","@version":"1","message":"START EXECUTION FUNCTIONALITY: activateUser with version 4","logger_name":"pt.ulisboa.tecnico.socialsoftware.ms.sagas.workflow.SagaSyncStep","thread_name":"main","level":"INFO","level_value":20000}
{"@timestamp":"2025-05-20T16:53:40.131543+01:00","@version":"1","message":"Loaded and registered read for aggregate ID: 3","logger_name":"pt.ulisboa.tecnico.socialsoftware.ms.sagas.unitOfWork.SagaUnitOfWorkService","thread_name":"main","level":"INFO","level_value":20000}
{"@timestamp":"2025-05-20T16:53:40.183052+01:00","@version":"1","message":"Loaded and registered read for aggregate ID: 3","logger_name":"pt.ulisboa.tecnico.socialsoftware.ms.sagas.unitOfWork.SagaUnitOfWorkService","thread_name":"main","level":"INFO","level_value":20000}
{"@timestamp":"2025-05-20T16:53:40.187527+01:00","@version":"1","message":"END EXECUTION FUNCTIONALITY: activateUser with version 4","logger_name":"pt.ulisboa.tecnico.socialsoftware.ms.sagas.workflow.SagaSyncStep","thread_name":"main","level":"INFO","level_value":20000}
{"@timestamp":"2025-05-20T16:53:40.204487+01:00","@version":"1","message":"START EXECUTION FUNCTIONALITY: addStudent with version 5","logger_name":"pt.ulisboa.tecnico.socialsoftware.ms.sagas.workflow.SagaSyncStep","thread_name":"main","level":"INFO","level_value":20000}
{"@timestamp":"2025-05-20T16:53:40.22132+01:00","@version":"1","message":"Loaded and registered read for aggregate ID: 3","logger_name":"pt.ulisboa.tecnico.socialsoftware.ms.sagas.unitOfWork.SagaUnitOfWorkService","thread_name":"main","level":"INFO","level_value":20000}
{"@timestamp":"2025-05-20T16:53:40.232399+01:00","@version":"1","message":"Loaded and registered read for aggregate ID: 2","logger_name":"pt.ulisboa.tecnico.socialsoftware.ms.sagas.unitOfWork.SagaUnitOfWorkService","thread_name":"main","level":"INFO","level_value":20000}
{"@timestamp":"2025-05-20T16:53:40.241195+01:00","@version":"1","message":"END EXECUTION FUNCTIONALITY: addStudent with version 5","logger_name":"pt.ulisboa.tecnico.socialsoftware.ms.sagas.workflow.SagaSyncStep","thread_name":"main","level":"INFO","level_value":20000}
{"@timestamp":"2025-05-20T16:53:40.253226+01:00","@version":"1","message":"START EXECUTION FUNCTIONALITY: createUser with version 6","logger_name":"pt.ulisboa.tecnico.socialsoftware.ms.sagas.workflow.SagaSyncStep","thread_name":"main","level":"INFO","level_value":20000}
{"@timestamp":"2025-05-20T16:53:40.257416+01:00","@version":"1","message":"END EXECUTION FUNCTIONALITY: createUser with version 6","logger_name":"pt.ulisboa.tecnico.socialsoftware.ms.sagas.workflow.SagaSyncStep","thread_name":"main","level":"INFO","level_value":20000}
{"@timestamp":"2025-05-20T16:53:40.26434+01:00","@version":"1","message":"START EXECUTION FUNCTIONALITY: activateUser with version 7","logger_name":"pt.ulisboa.tecnico.socialsoftware.ms.sagas.workflow.SagaSyncStep","thread_name":"main","level":"INFO","level_value":20000}
{"@timestamp":"2025-05-20T16:53:40.293311+01:00","@version":"1","message":"Loaded and registered read for aggregate ID: 4","logger_name":"pt.ulisboa.tecnico.socialsoftware.ms.sagas.unitOfWork.SagaUnitOfWorkService","thread_name":"main","level":"INFO","level_value":20000}
{"@timestamp":"2025-05-20T16:53:40.301013+01:00","@version":"1","message":"Loaded and registered read for aggregate ID: 4","logger_name":"pt.ulisboa.tecnico.socialsoftware.ms.sagas.unitOfWork.SagaUnitOfWorkService","thread_name":"main","level":"INFO","level_value":20000}
{"@timestamp":"2025-05-20T16:53:40.304341+01:00","@version":"1","message":"END EXECUTION FUNCTIONALITY: activateUser with version 7","logger_name":"pt.ulisboa.tecnico.socialsoftware.ms.sagas.workflow.SagaSyncStep","thread_name":"main","level":"INFO","level_value":20000}
{"@timestamp":"2025-05-20T16:53:40.316075+01:00","@version":"1","message":"START EXECUTION FUNCTIONALITY: addStudent with version 8","logger_name":"pt.ulisboa.tecnico.socialsoftware.ms.sagas.workflow.SagaSyncStep","thread_name":"main","level":"INFO","level_value":20000}
{"@timestamp":"2025-05-20T16:53:40.322685+01:00","@version":"1","message":"Loaded and registered read for aggregate ID: 4","logger_name":"pt.ulisboa.tecnico.socialsoftware.ms.sagas.unitOfWork.SagaUnitOfWorkService","thread_name":"main","level":"INFO","level_value":20000}
{"@timestamp":"2025-05-20T16:53:40.330065+01:00","@version":"1","message":"Loaded and registered read for aggregate ID: 2","logger_name":"pt.ulisboa.tecnico.socialsoftware.ms.sagas.unitOfWork.SagaUnitOfWorkService","thread_name":"main","level":"INFO","level_value":20000}
{"@timestamp":"2025-05-20T16:53:40.335328+01:00","@version":"1","message":"END EXECUTION FUNCTIONALITY: addStudent with version 8","logger_name":"pt.ulisboa.tecnico.socialsoftware.ms.sagas.workflow.SagaSyncStep","thread_name":"main","level":"INFO","level_value":20000}
{"@timestamp":"2025-05-20T16:53:40.355926+01:00","@version":"1","message":"START EXECUTION FUNCTIONALITY: createTopic with version 9","logger_name":"pt.ulisboa.tecnico.socialsoftware.ms.sagas.workflow.SagaSyncStep","thread_name":"main","level":"INFO","level_value":20000}
{"@timestamp":"2025-05-20T16:53:40.374142+01:00","@version":"1","message":"Loaded and registered read for aggregate ID: 1","logger_name":"pt.ulisboa.tecnico.socialsoftware.ms.sagas.unitOfWork.SagaUnitOfWorkService","thread_name":"main","level":"INFO","level_value":20000}
{"@timestamp":"2025-05-20T16:53:40.415927+01:00","@version":"1","message":"END EXECUTION FUNCTIONALITY: createTopic with version 9","logger_name":"pt.ulisboa.tecnico.socialsoftware.ms.sagas.workflow.SagaSyncStep","thread_name":"main","level":"INFO","level_value":20000}
{"@timestamp":"2025-05-20T16:53:40.419652+01:00","@version":"1","message":"START EXECUTION FUNCTIONALITY: createTopic with version 10","logger_name":"pt.ulisboa.tecnico.socialsoftware.ms.sagas.workflow.SagaSyncStep","thread_name":"main","level":"INFO","level_value":20000}
{"@timestamp":"2025-05-20T16:53:40.441147+01:00","@version":"1","message":"Loaded and registered read for aggregate ID: 1","logger_name":"pt.ulisboa.tecnico.socialsoftware.ms.sagas.unitOfWork.SagaUnitOfWorkService","thread_name":"main","level":"INFO","level_value":20000}
{"@timestamp":"2025-05-20T16:53:40.479032+01:00","@version":"1","message":"END EXECUTION FUNCTIONALITY: createTopic with version 10","logger_name":"pt.ulisboa.tecnico.socialsoftware.ms.sagas.workflow.SagaSyncStep","thread_name":"main","level":"INFO","level_value":20000}
{"@timestamp":"2025-05-20T16:53:40.483623+01:00","@version":"1","message":"START EXECUTION FUNCTIONALITY: createTopic with version 11","logger_name":"pt.ulisboa.tecnico.socialsoftware.ms.sagas.workflow.SagaSyncStep","thread_name":"main","level":"INFO","level_value":20000}
{"@timestamp":"2025-05-20T16:53:40.500276+01:00","@version":"1","message":"Loaded and registered read for aggregate ID: 1","logger_name":"pt.ulisboa.tecnico.socialsoftware.ms.sagas.unitOfWork.SagaUnitOfWorkService","thread_name":"main","level":"INFO","level_value":20000}
{"@timestamp":"2025-05-20T16:53:40.535046+01:00","@version":"1","message":"END EXECUTION FUNCTIONALITY: createTopic with version 11","logger_name":"pt.ulisboa.tecnico.socialsoftware.ms.sagas.workflow.SagaSyncStep","thread_name":"main","level":"INFO","level_value":20000}
{"@timestamp":"2025-05-20T16:53:40.569367+01:00","@version":"1","message":"START EXECUTION FUNCTIONALITY: createQuestion with version 12","logger_name":"pt.ulisboa.tecnico.socialsoftware.ms.sagas.workflow.SagaSyncStep","thread_name":"main","level":"INFO","level_value":20000}
{"@timestamp":"2025-05-20T16:53:40.586207+01:00","@version":"1","message":"Loaded and registered read for aggregate ID: 1","logger_name":"pt.ulisboa.tecnico.socialsoftware.ms.sagas.unitOfWork.SagaUnitOfWorkService","thread_name":"main","level":"INFO","level_value":20000}
{"@timestamp":"2025-05-20T16:53:40.602439+01:00","@version":"1","message":"Loaded and registered read for aggregate ID: 5","logger_name":"pt.ulisboa.tecnico.socialsoftware.ms.sagas.unitOfWork.SagaUnitOfWorkService","thread_name":"main","level":"INFO","level_value":20000}
{"@timestamp":"2025-05-20T16:53:40.659346+01:00","@version":"1","message":"END EXECUTION FUNCTIONALITY: createQuestion with version 12","logger_name":"pt.ulisboa.tecnico.socialsoftware.ms.sagas.workflow.SagaSyncStep","thread_name":"main","level":"INFO","level_value":20000}
{"@timestamp":"2025-05-20T16:53:40.664475+01:00","@version":"1","message":"START EXECUTION FUNCTIONALITY: createQuestion with version 13","logger_name":"pt.ulisboa.tecnico.socialsoftware.ms.sagas.workflow.SagaSyncStep","thread_name":"main","level":"INFO","level_value":20000}
{"@timestamp":"2025-05-20T16:53:40.680814+01:00","@version":"1","message":"Loaded and registered read for aggregate ID: 6","logger_name":"pt.ulisboa.tecnico.socialsoftware.ms.sagas.unitOfWork.SagaUnitOfWorkService","thread_name":"main","level":"INFO","level_value":20000}
{"@timestamp":"2025-05-20T16:53:40.70475+01:00","@version":"1","message":"Loaded and registered read for aggregate ID: 1","logger_name":"pt.ulisboa.tecnico.socialsoftware.ms.sagas.unitOfWork.SagaUnitOfWorkService","thread_name":"main","level":"INFO","level_value":20000}
{"@timestamp":"2025-05-20T16:53:40.74572+01:00","@version":"1","message":"END EXECUTION FUNCTIONALITY: createQuestion with version 13","logger_name":"pt.ulisboa.tecnico.socialsoftware.ms.sagas.workflow.SagaSyncStep","thread_name":"main","level":"INFO","level_value":20000}
{"@timestamp":"2025-05-20T16:53:40.752148+01:00","@version":"1","message":"START EXECUTION FUNCTIONALITY: createQuestion with version 14","logger_name":"pt.ulisboa.tecnico.socialsoftware.ms.sagas.workflow.SagaSyncStep","thread_name":"main","level":"INFO","level_value":20000}
{"@timestamp":"2025-05-20T16:53:40.770059+01:00","@version":"1","message":"Loaded and registered read for aggregate ID: 7","logger_name":"pt.ulisboa.tecnico.socialsoftware.ms.sagas.unitOfWork.SagaUnitOfWorkService","thread_name":"main","level":"INFO","level_value":20000}
{"@timestamp":"2025-05-20T16:53:40.789173+01:00","@version":"1","message":"Loaded and registered read for aggregate ID: 1","logger_name":"pt.ulisboa.tecnico.socialsoftware.ms.sagas.unitOfWork.SagaUnitOfWorkService","thread_name":"main","level":"INFO","level_value":20000}
{"@timestamp":"2025-05-20T16:53:40.86431+01:00","@version":"1","message":"END EXECUTION FUNCTIONALITY: createQuestion with version 14","logger_name":"pt.ulisboa.tecnico.socialsoftware.ms.sagas.workflow.SagaSyncStep","thread_name":"main","level":"INFO","level_value":20000}
{"@timestamp":"2025-05-20T16:53:40.899985+01:00","@version":"1","message":"START EXECUTION FUNCTIONALITY: createTournament with version 15","logger_name":"pt.ulisboa.tecnico.socialsoftware.ms.sagas.workflow.SagaSyncStep","thread_name":"main","level":"INFO","level_value":20000}
{"@timestamp":"2025-05-20T16:53:40.933908+01:00","@version":"1","message":"Loaded and registered read for aggregate ID: 5","logger_name":"pt.ulisboa.tecnico.socialsoftware.ms.sagas.unitOfWork.SagaUnitOfWorkService","thread_name":"main","level":"INFO","level_value":20000}
{"@timestamp":"2025-05-20T16:53:40.970536+01:00","@version":"1","message":"Loaded and registered read for aggregate ID: 6","logger_name":"pt.ulisboa.tecnico.socialsoftware.ms.sagas.unitOfWork.SagaUnitOfWorkService","thread_name":"main","level":"INFO","level_value":20000}
{"@timestamp":"2025-05-20T16:53:40.989251+01:00","@version":"1","message":"Loaded and registered read for aggregate ID: 2","logger_name":"pt.ulisboa.tecnico.socialsoftware.ms.sagas.unitOfWork.SagaUnitOfWorkService","thread_name":"main","level":"INFO","level_value":20000}
{"@timestamp":"2025-05-20T16:53:41.012108+01:00","@version":"1","message":"Loaded and registered read for aggregate ID: 2","logger_name":"pt.ulisboa.tecnico.socialsoftware.ms.sagas.unitOfWork.SagaUnitOfWorkService","thread_name":"main","level":"INFO","level_value":20000}
{"@timestamp":"2025-05-20T16:53:41.052761+01:00","@version":"1","message":"Loaded and registered read for aggregate ID: 8","logger_name":"pt.ulisboa.tecnico.socialsoftware.ms.sagas.unitOfWork.SagaUnitOfWorkService","thread_name":"main","level":"INFO","level_value":20000}
{"@timestamp":"2025-05-20T16:53:41.066417+01:00","@version":"1","message":"Loaded and registered read for aggregate ID: 9","logger_name":"pt.ulisboa.tecnico.socialsoftware.ms.sagas.unitOfWork.SagaUnitOfWorkService","thread_name":"main","level":"INFO","level_value":20000}
{"@timestamp":"2025-05-20T16:53:41.099849+01:00","@version":"1","message":"Loaded and registered read for aggregate ID: 2","logger_name":"pt.ulisboa.tecnico.socialsoftware.ms.sagas.unitOfWork.SagaUnitOfWorkService","thread_name":"main","level":"INFO","level_value":20000}
{"@timestamp":"2025-05-20T16:53:41.1793+01:00","@version":"1","message":"END EXECUTION FUNCTIONALITY: createTournament with version 16","logger_name":"pt.ulisboa.tecnico.socialsoftware.ms.sagas.workflow.SagaSyncStep","thread_name":"main","level":"INFO","level_value":20000}
{"@timestamp":"2025-05-20T16:53:41.309437+01:00","@version":"1","message":"EXECUTE FUNCTIONALITY: UpdateTournamentFunctionalitySagas with version 17 until step updateTournamentStep","logger_name":"pt.ulisboa.tecnico.socialsoftware.ms.sagas.workflow.SagaSyncStep","thread_name":"main","level":"INFO","level_value":20000}
{"@timestamp":"2025-05-20T16:53:41.317193+01:00","@version":"1","message":"Functionality: UpdateTournamentFunctionalitySagas\nBehaviour: {getOriginalTournamentStep=[0, 0, 0], getTopicsStep=[0, 0, 0], updateTournamentStep=[0, 0, 0], updateQuizStep=[1, 0, 0]}\nSteps: [getOriginalTournamentStep, getTopicsStep, updateTournamentStep, updateQuizStep]\nNon Defined Steps: []\nMismatch Steps: []\n","logger_name":"pt.ulisboa.tecnico.socialsoftware.ms.coordination.workflow.ExecutionPlan","thread_name":"main","level":"INFO","level_value":20000}
{"@timestamp":"2025-05-20T16:53:41.319042+01:00","@version":"1","message":"\u001B[32mBehaviour matches expectations\u001B[0m","logger_name":"pt.ulisboa.tecnico.socialsoftware.ms.coordination.workflow.ExecutionPlan","thread_name":"main","level":"INFO","level_value":20000}
{"@timestamp":"2025-05-20T16:53:41.397428+01:00","@version":"1","message":"Loaded and registered read for aggregate ID: 12","logger_name":"pt.ulisboa.tecnico.socialsoftware.ms.sagas.unitOfWork.SagaUnitOfWorkService","thread_name":"main","level":"INFO","level_value":20000}
{"@timestamp":"2025-05-20T16:53:41.416523+01:00","@version":"1","message":"Loaded and registered read for aggregate ID: 5","logger_name":"pt.ulisboa.tecnico.socialsoftware.ms.sagas.unitOfWork.SagaUnitOfWorkService","thread_name":"main","level":"INFO","level_value":20000}
{"@timestamp":"2025-05-20T16:53:41.425648+01:00","@version":"1","message":"Loaded and registered read for aggregate ID: 6","logger_name":"pt.ulisboa.tecnico.socialsoftware.ms.sagas.unitOfWork.SagaUnitOfWorkService","thread_name":"main","level":"INFO","level_value":20000}
{"@timestamp":"2025-05-20T16:53:41.439406+01:00","@version":"1","message":"Loaded and registered read for aggregate ID: 7","logger_name":"pt.ulisboa.tecnico.socialsoftware.ms.sagas.unitOfWork.SagaUnitOfWorkService","thread_name":"main","level":"INFO","level_value":20000}
{"@timestamp":"2025-05-20T16:53:41.452249+01:00","@version":"1","message":"Loaded and registered read for aggregate ID: 12","logger_name":"pt.ulisboa.tecnico.socialsoftware.ms.sagas.unitOfWork.SagaUnitOfWorkService","thread_name":"main","level":"INFO","level_value":20000}
{"@timestamp":"2025-05-20T16:53:41.471233+01:00","@version":"1","message":"START EXECUTION FUNCTIONALITY: findTournament with version 18","logger_name":"pt.ulisboa.tecnico.socialsoftware.ms.sagas.workflow.SagaSyncStep","thread_name":"main","level":"INFO","level_value":20000}
{"@timestamp":"2025-05-20T16:53:41.485789+01:00","@version":"1","message":"Loaded and registered read for aggregate ID: 12","logger_name":"pt.ulisboa.tecnico.socialsoftware.ms.sagas.unitOfWork.SagaUnitOfWorkService","thread_name":"main","level":"INFO","level_value":20000}
{"@timestamp":"2025-05-20T16:53:41.486404+01:00","@version":"1","message":"END EXECUTION FUNCTIONALITY: findTournament with version 18","logger_name":"pt.ulisboa.tecnico.socialsoftware.ms.sagas.workflow.SagaSyncStep","thread_name":"main","level":"INFO","level_value":20000}
{"@timestamp":"2025-05-20T16:53:41.496779+01:00","@version":"1","message":"EXECUTE FUNCTIONALITY: UpdateTournamentFunctionalitySagas with version 17 until end","logger_name":"pt.ulisboa.tecnico.socialsoftware.ms.sagas.workflow.SagaSyncStep","thread_name":"main","level":"INFO","level_value":20000}
{"@timestamp":"2025-05-20T16:53:41.49771+01:00","@version":"1","message":"updateQuizStep Microservice not available","logger_name":"pt.ulisboa.tecnico.socialsoftware.ms.exception.SimulatorException","thread_name":"main","level":"INFO","level_value":20000}
{"@timestamp":"2025-05-20T16:53:41.522051+01:00","@version":"1","message":"Loaded and registered read for aggregate ID: 12","logger_name":"pt.ulisboa.tecnico.socialsoftware.ms.sagas.unitOfWork.SagaUnitOfWorkService","thread_name":"main","level":"INFO","level_value":20000}
{"@timestamp":"2025-05-20T16:53:41.533503+01:00","@version":"1","message":"ABORT EXECUTION FUNCTIONALITY: UpdateTournamentFunctionalitySagas with version 18","logger_name":"pt.ulisboa.tecnico.socialsoftware.ms.sagas.workflow.SagaSyncStep","thread_name":"main","level":"INFO","level_value":20000}
{"@timestamp":"2025-05-20T16:53:42.279142+01:00","@version":"1","message":"START EXECUTION FUNCTIONALITY: findTournament with version 19","logger_name":"pt.ulisboa.tecnico.socialsoftware.ms.sagas.workflow.SagaSyncStep","thread_name":"main","level":"INFO","level_value":20000}
{"@timestamp":"2025-05-20T16:53:42.335467+01:00","@version":"1","message":"Loaded and registered read for aggregate ID: 12","logger_name":"pt.ulisboa.tecnico.socialsoftware.ms.sagas.unitOfWork.SagaUnitOfWorkService","thread_name":"main","level":"INFO","level_value":20000}
{"@timestamp":"2025-05-20T16:53:42.346764+01:00","@version":"1","message":"END EXECUTION FUNCTIONALITY: findTournament with version 19","logger_name":"pt.ulisboa.tecnico.socialsoftware.ms.sagas.workflow.SagaSyncStep","thread_name":"main","level":"INFO","level_value":20000}
{"@timestamp":"2025-05-20T16:53:42.443255+01:00","@version":"1","message":"START EXECUTION FUNCTIONALITY: UpdateTournamentFunctionalitySagas with version 18","logger_name":"pt.ulisboa.tecnico.socialsoftware.ms.sagas.workflow.SagaSyncStep","thread_name":"main","level":"INFO","level_value":20000}
{"@timestamp":"2025-05-20T16:53:42.45396+01:00","@version":"1","message":"Functionality: UpdateTournamentFunctionalitySagas\nBehaviour: {getOriginalTournamentStep=[0, 0, 0], getTopicsStep=[1, 0, 0], updateTournamentStep=[0, 0, 0], updateQuizStep=[0, 0, 0]}\nSteps: [getOriginalTournamentStep, getTopicsStep, updateTournamentStep, updateQuizStep]\nNon Defined Steps: []\nMismatch Steps: []\n","logger_name":"pt.ulisboa.tecnico.socialsoftware.ms.coordination.workflow.ExecutionPlan","thread_name":"main","level":"INFO","level_value":20000}
{"@timestamp":"2025-05-20T16:53:42.454271+01:00","@version":"1","message":"\u001B[32mBehaviour matches expectations\u001B[0m","logger_name":"pt.ulisboa.tecnico.socialsoftware.ms.coordination.workflow.ExecutionPlan","thread_name":"main","level":"INFO","level_value":20000}
{"@timestamp":"2025-05-20T16:53:42.521467+01:00","@version":"1","message":"Loaded and registered read for aggregate ID: 12","logger_name":"pt.ulisboa.tecnico.socialsoftware.ms.sagas.unitOfWork.SagaUnitOfWorkService","thread_name":"main","level":"INFO","level_value":20000}
{"@timestamp":"2025-05-20T16:53:42.536641+01:00","@version":"1","message":"getTopicsStep Microservice not available","logger_name":"pt.ulisboa.tecnico.socialsoftware.ms.exception.SimulatorException","thread_name":"main","level":"INFO","level_value":20000}
{"@timestamp":"2025-05-20T16:53:42.646991+01:00","@version":"1","message":"Loaded and registered read for aggregate ID: 12","logger_name":"pt.ulisboa.tecnico.socialsoftware.ms.sagas.unitOfWork.SagaUnitOfWorkService","thread_name":"main","level":"INFO","level_value":20000}
{"@timestamp":"2025-05-20T16:53:42.657195+01:00","@version":"1","message":"ABORT EXECUTION FUNCTIONALITY: UpdateTournamentFunctionalitySagas with version 19","logger_name":"pt.ulisboa.tecnico.socialsoftware.ms.sagas.workflow.SagaSyncStep","thread_name":"main","level":"INFO","level_value":20000}
{"@timestamp":"2025-05-20T16:53:42.721238+01:00","@version":"1","message":"START EXECUTION FUNCTIONALITY: UpdateTournamentFunctionalitySagas with version 19","logger_name":"pt.ulisboa.tecnico.socialsoftware.ms.sagas.workflow.SagaSyncStep","thread_name":"main","level":"INFO","level_value":20000}
{"@timestamp":"2025-05-20T16:53:42.722132+01:00","@version":"1","message":"Functionality: UpdateTournamentFunctionalitySagas\nBehaviour: {getOriginalTournamentStep=[0, 0, 0], getTopicsStep=[0, 0, 0], updateTournamentStep=[0, 0, 0], updateQuizStep=[0, 0, 0]}\nSteps: [getOriginalTournamentStep, getTopicsStep, updateTournamentStep, updateQuizStep]\nNon Defined Steps: []\nMismatch Steps: []\n","logger_name":"pt.ulisboa.tecnico.socialsoftware.ms.coordination.workflow.ExecutionPlan","thread_name":"main","level":"INFO","level_value":20000}
{"@timestamp":"2025-05-20T16:53:42.722395+01:00","@version":"1","message":"\u001B[32mBehaviour matches expectations\u001B[0m","logger_name":"pt.ulisboa.tecnico.socialsoftware.ms.coordination.workflow.ExecutionPlan","thread_name":"main","level":"INFO","level_value":20000}
{"@timestamp":"2025-05-20T16:53:42.774614+01:00","@version":"1","message":"Loaded and registered read for aggregate ID: 12","logger_name":"pt.ulisboa.tecnico.socialsoftware.ms.sagas.unitOfWork.SagaUnitOfWorkService","thread_name":"main","level":"INFO","level_value":20000}
{"@timestamp":"2025-05-20T16:53:42.84338+01:00","@version":"1","message":"Loaded and registered read for aggregate ID: 5","logger_name":"pt.ulisboa.tecnico.socialsoftware.ms.sagas.unitOfWork.SagaUnitOfWorkService","thread_name":"main","level":"INFO","level_value":20000}
{"@timestamp":"2025-05-20T16:53:42.88526+01:00","@version":"1","message":"Loaded and registered read for aggregate ID: 6","logger_name":"pt.ulisboa.tecnico.socialsoftware.ms.sagas.unitOfWork.SagaUnitOfWorkService","thread_name":"main","level":"INFO","level_value":20000}
{"@timestamp":"2025-05-20T16:53:42.894225+01:00","@version":"1","message":"Loaded and registered read for aggregate ID: 7","logger_name":"pt.ulisboa.tecnico.socialsoftware.ms.sagas.unitOfWork.SagaUnitOfWorkService","thread_name":"main","level":"INFO","level_value":20000}
{"@timestamp":"2025-05-20T16:53:42.925095+01:00","@version":"1","message":"Loaded and registered read for aggregate ID: 12","logger_name":"pt.ulisboa.tecnico.socialsoftware.ms.sagas.unitOfWork.SagaUnitOfWorkService","thread_name":"main","level":"INFO","level_value":20000}
{"@timestamp":"2025-05-20T16:53:43.023725+01:00","@version":"1","message":"Loaded and registered read for aggregate ID: 11","logger_name":"pt.ulisboa.tecnico.socialsoftware.ms.sagas.unitOfWork.SagaUnitOfWorkService","thread_name":"main","level":"INFO","level_value":20000}
{"@timestamp":"2025-05-20T16:53:43.207409+01:00","@version":"1","message":"Loaded and registered read for aggregate ID: 8","logger_name":"pt.ulisboa.tecnico.socialsoftware.ms.sagas.unitOfWork.SagaUnitOfWorkService","thread_name":"main","level":"INFO","level_value":20000}
{"@timestamp":"2025-05-20T16:53:43.281583+01:00","@version":"1","message":"Loaded and registered read for aggregate ID: 9","logger_name":"pt.ulisboa.tecnico.socialsoftware.ms.sagas.unitOfWork.SagaUnitOfWorkService","thread_name":"main","level":"INFO","level_value":20000}
{"@timestamp":"2025-05-20T16:53:43.589363+01:00","@version":"1","message":"Loaded and registered read for aggregate ID: 10","logger_name":"pt.ulisboa.tecnico.socialsoftware.ms.sagas.unitOfWork.SagaUnitOfWorkService","thread_name":"main","level":"INFO","level_value":20000}
{"@timestamp":"2025-05-20T16:53:43.746573+01:00","@version":"1","message":"END EXECUTION FUNCTIONALITY: UpdateTournamentFunctionalitySagas with version 21","logger_name":"pt.ulisboa.tecnico.socialsoftware.ms.sagas.workflow.SagaSyncStep","thread_name":"main","level":"INFO","level_value":20000}
{"@timestamp":"2025-05-20T16:53:44.325203+01:00","@version":"1","message":"Closing JPA EntityManagerFactory for persistence unit 'default'","logger_name":"org.springframework.orm.jpa.LocalContainerEntityManagerFactoryBean","thread_name":"SpringApplicationShutdownHook","level":"INFO","level_value":20000}
{"@timestamp":"2025-05-20T16:54:13.960826+01:00","@version":"1","message":"Starting AbortUpdateAndRetryTest using Java 23.0.2 with PID 34823 (started by tomasnascimento in /Users/tomasnascimento/Desktop/Microservices Simulator Fault Analysis Enriched/microservices-simulator/applications/quizzes)","logger_name":"pt.ulisboa.tecnico.socialsoftware.quizzes.sagas.coordination.AbortUpdateAndRetryTest","thread_name":"main","level":"INFO","level_value":20000}
{"@timestamp":"2025-05-20T16:54:13.975789+01:00","@version":"1","message":"The following 1 profile is active: \"sagas\"","logger_name":"pt.ulisboa.tecnico.socialsoftware.quizzes.sagas.coordination.AbortUpdateAndRetryTest","thread_name":"main","level":"INFO","level_value":20000}
{"@timestamp":"2025-05-20T16:54:14.622766+01:00","@version":"1","message":"Bootstrapping Spring Data JPA repositories in DEFAULT mode.","logger_name":"org.springframework.data.repository.config.RepositoryConfigurationDelegate","thread_name":"main","level":"INFO","level_value":20000}
{"@timestamp":"2025-05-20T16:54:14.814397+01:00","@version":"1","message":"Finished Spring Data repository scanning in 179 ms. Found 14 JPA repository interfaces.","logger_name":"org.springframework.data.repository.config.RepositoryConfigurationDelegate","thread_name":"main","level":"INFO","level_value":20000}
{"@timestamp":"2025-05-20T16:54:15.004309+01:00","@version":"1","message":"Replacing 'dataSource' DataSource bean with embedded version","logger_name":"org.springframework.boot.test.autoconfigure.jdbc.TestDatabaseAutoConfiguration$EmbeddedDataSourceBeanFactoryPostProcessor","thread_name":"main","level":"INFO","level_value":20000}
{"@timestamp":"2025-05-20T16:54:15.446401+01:00","@version":"1","message":"Starting embedded database: url='jdbc:h2:mem:ab0e99b9-00fe-4921-9aaa-60d19d009fcd;DB_CLOSE_DELAY=-1;DB_CLOSE_ON_EXIT=false', username='sa'","logger_name":"org.springframework.jdbc.datasource.embedded.EmbeddedDatabaseFactory","thread_name":"main","level":"INFO","level_value":20000}
{"@timestamp":"2025-05-20T16:54:15.953434+01:00","@version":"1","message":"HHH000204: Processing PersistenceUnitInfo [name: default]","logger_name":"org.hibernate.jpa.internal.util.LogHelper","thread_name":"main","level":"INFO","level_value":20000}
{"@timestamp":"2025-05-20T16:54:16.042778+01:00","@version":"1","message":"HHH000412: Hibernate ORM core version 6.5.3.Final","logger_name":"org.hibernate.Version","thread_name":"main","level":"INFO","level_value":20000}
{"@timestamp":"2025-05-20T16:54:16.095453+01:00","@version":"1","message":"HHH000026: Second-level cache disabled","logger_name":"org.hibernate.cache.internal.RegionFactoryInitiator","thread_name":"main","level":"INFO","level_value":20000}
{"@timestamp":"2025-05-20T16:54:16.609406+01:00","@version":"1","message":"No LoadTimeWeaver setup: ignoring JPA class transformer","logger_name":"org.springframework.orm.jpa.persistenceunit.SpringPersistenceUnitInfo","thread_name":"main","level":"INFO","level_value":20000}
{"@timestamp":"2025-05-20T16:54:16.685668+01:00","@version":"1","message":"HHH90000025: H2Dialect does not need to be specified explicitly using 'hibernate.dialect' (remove the property setting and it will be selected by default)","logger_name":"org.hibernate.orm.deprecation","thread_name":"main","level":"WARN","level_value":30000}
{"@timestamp":"2025-05-20T16:54:19.753818+01:00","@version":"1","message":"HHH000489: No JTA platform available (set 'hibernate.transaction.jta.platform' to enable JTA platform integration)","logger_name":"org.hibernate.engine.transaction.jta.platform.internal.JtaPlatformInitiator","thread_name":"main","level":"INFO","level_value":20000}
{"@timestamp":"2025-05-20T16:54:19.922984+01:00","@version":"1","message":"Initialized JPA EntityManagerFactory for persistence unit 'default'","logger_name":"org.springframework.orm.jpa.LocalContainerEntityManagerFactoryBean","thread_name":"main","level":"INFO","level_value":20000}
{"@timestamp":"2025-05-20T16:54:20.342079+01:00","@version":"1","message":"Hibernate is in classpath; If applicable, HQL parser will be used.","logger_name":"org.springframework.data.jpa.repository.query.QueryEnhancerFactory","thread_name":"main","level":"INFO","level_value":20000}
{"@timestamp":"2025-05-20T16:54:22.262661+01:00","@version":"1","message":"No TaskScheduler/ScheduledExecutorService bean found for scheduled processing","logger_name":"org.springframework.scheduling.config.TaskSchedulerRouter","thread_name":"main","level":"INFO","level_value":20000}
{"@timestamp":"2025-05-20T16:54:22.266009+01:00","@version":"1","message":"Started AbortUpdateAndRetryTest in 9.26 seconds (process running for 11.893)","logger_name":"pt.ulisboa.tecnico.socialsoftware.quizzes.sagas.coordination.AbortUpdateAndRetryTest","thread_name":"main","level":"INFO","level_value":20000}
{"@timestamp":"2025-05-20T16:54:23.307646+01:00","@version":"1","message":"START EXECUTION FUNCTIONALITY: createCourseExecution with version 1","logger_name":"pt.ulisboa.tecnico.socialsoftware.ms.sagas.workflow.SagaSyncStep","thread_name":"main","level":"INFO","level_value":20000}
{"@timestamp":"2025-05-20T16:54:23.423125+01:00","@version":"1","message":"END EXECUTION FUNCTIONALITY: createCourseExecution with version 2","logger_name":"pt.ulisboa.tecnico.socialsoftware.ms.sagas.workflow.SagaSyncStep","thread_name":"main","level":"INFO","level_value":20000}
{"@timestamp":"2025-05-20T16:54:23.452393+01:00","@version":"1","message":"START EXECUTION FUNCTIONALITY: createUser with version 3","logger_name":"pt.ulisboa.tecnico.socialsoftware.ms.sagas.workflow.SagaSyncStep","thread_name":"main","level":"INFO","level_value":20000}
{"@timestamp":"2025-05-20T16:54:23.455987+01:00","@version":"1","message":"END EXECUTION FUNCTIONALITY: createUser with version 3","logger_name":"pt.ulisboa.tecnico.socialsoftware.ms.sagas.workflow.SagaSyncStep","thread_name":"main","level":"INFO","level_value":20000}
{"@timestamp":"2025-05-20T16:54:23.47005+01:00","@version":"1","message":"START EXECUTION FUNCTIONALITY: activateUser with version 4","logger_name":"pt.ulisboa.tecnico.socialsoftware.ms.sagas.workflow.SagaSyncStep","thread_name":"main","level":"INFO","level_value":20000}
{"@timestamp":"2025-05-20T16:54:23.520054+01:00","@version":"1","message":"Loaded and registered read for aggregate ID: 3","logger_name":"pt.ulisboa.tecnico.socialsoftware.ms.sagas.unitOfWork.SagaUnitOfWorkService","thread_name":"main","level":"INFO","level_value":20000}
{"@timestamp":"2025-05-20T16:54:23.531641+01:00","@version":"1","message":"Loaded and registered read for aggregate ID: 3","logger_name":"pt.ulisboa.tecnico.socialsoftware.ms.sagas.unitOfWork.SagaUnitOfWorkService","thread_name":"main","level":"INFO","level_value":20000}
{"@timestamp":"2025-05-20T16:54:23.53492+01:00","@version":"1","message":"END EXECUTION FUNCTIONALITY: activateUser with version 4","logger_name":"pt.ulisboa.tecnico.socialsoftware.ms.sagas.workflow.SagaSyncStep","thread_name":"main","level":"INFO","level_value":20000}
{"@timestamp":"2025-05-20T16:54:23.547658+01:00","@version":"1","message":"START EXECUTION FUNCTIONALITY: addStudent with version 5","logger_name":"pt.ulisboa.tecnico.socialsoftware.ms.sagas.workflow.SagaSyncStep","thread_name":"main","level":"INFO","level_value":20000}
{"@timestamp":"2025-05-20T16:54:23.555095+01:00","@version":"1","message":"Loaded and registered read for aggregate ID: 3","logger_name":"pt.ulisboa.tecnico.socialsoftware.ms.sagas.unitOfWork.SagaUnitOfWorkService","thread_name":"main","level":"INFO","level_value":20000}
{"@timestamp":"2025-05-20T16:54:23.565296+01:00","@version":"1","message":"Loaded and registered read for aggregate ID: 2","logger_name":"pt.ulisboa.tecnico.socialsoftware.ms.sagas.unitOfWork.SagaUnitOfWorkService","thread_name":"main","level":"INFO","level_value":20000}
{"@timestamp":"2025-05-20T16:54:23.57161+01:00","@version":"1","message":"END EXECUTION FUNCTIONALITY: addStudent with version 5","logger_name":"pt.ulisboa.tecnico.socialsoftware.ms.sagas.workflow.SagaSyncStep","thread_name":"main","level":"INFO","level_value":20000}
{"@timestamp":"2025-05-20T16:54:23.584713+01:00","@version":"1","message":"START EXECUTION FUNCTIONALITY: createUser with version 6","logger_name":"pt.ulisboa.tecnico.socialsoftware.ms.sagas.workflow.SagaSyncStep","thread_name":"main","level":"INFO","level_value":20000}
{"@timestamp":"2025-05-20T16:54:23.588186+01:00","@version":"1","message":"END EXECUTION FUNCTIONALITY: createUser with version 6","logger_name":"pt.ulisboa.tecnico.socialsoftware.ms.sagas.workflow.SagaSyncStep","thread_name":"main","level":"INFO","level_value":20000}
{"@timestamp":"2025-05-20T16:54:23.596635+01:00","@version":"1","message":"START EXECUTION FUNCTIONALITY: activateUser with version 7","logger_name":"pt.ulisboa.tecnico.socialsoftware.ms.sagas.workflow.SagaSyncStep","thread_name":"main","level":"INFO","level_value":20000}
{"@timestamp":"2025-05-20T16:54:23.627955+01:00","@version":"1","message":"Loaded and registered read for aggregate ID: 4","logger_name":"pt.ulisboa.tecnico.socialsoftware.ms.sagas.unitOfWork.SagaUnitOfWorkService","thread_name":"main","level":"INFO","level_value":20000}
{"@timestamp":"2025-05-20T16:54:23.640257+01:00","@version":"1","message":"Loaded and registered read for aggregate ID: 4","logger_name":"pt.ulisboa.tecnico.socialsoftware.ms.sagas.unitOfWork.SagaUnitOfWorkService","thread_name":"main","level":"INFO","level_value":20000}
{"@timestamp":"2025-05-20T16:54:23.643324+01:00","@version":"1","message":"END EXECUTION FUNCTIONALITY: activateUser with version 7","logger_name":"pt.ulisboa.tecnico.socialsoftware.ms.sagas.workflow.SagaSyncStep","thread_name":"main","level":"INFO","level_value":20000}
{"@timestamp":"2025-05-20T16:54:23.651495+01:00","@version":"1","message":"START EXECUTION FUNCTIONALITY: addStudent with version 8","logger_name":"pt.ulisboa.tecnico.socialsoftware.ms.sagas.workflow.SagaSyncStep","thread_name":"main","level":"INFO","level_value":20000}
{"@timestamp":"2025-05-20T16:54:23.661542+01:00","@version":"1","message":"Loaded and registered read for aggregate ID: 4","logger_name":"pt.ulisboa.tecnico.socialsoftware.ms.sagas.unitOfWork.SagaUnitOfWorkService","thread_name":"main","level":"INFO","level_value":20000}
{"@timestamp":"2025-05-20T16:54:23.671684+01:00","@version":"1","message":"Loaded and registered read for aggregate ID: 2","logger_name":"pt.ulisboa.tecnico.socialsoftware.ms.sagas.unitOfWork.SagaUnitOfWorkService","thread_name":"main","level":"INFO","level_value":20000}
{"@timestamp":"2025-05-20T16:54:23.675804+01:00","@version":"1","message":"END EXECUTION FUNCTIONALITY: addStudent with version 8","logger_name":"pt.ulisboa.tecnico.socialsoftware.ms.sagas.workflow.SagaSyncStep","thread_name":"main","level":"INFO","level_value":20000}
{"@timestamp":"2025-05-20T16:54:23.709705+01:00","@version":"1","message":"START EXECUTION FUNCTIONALITY: createTopic with version 9","logger_name":"pt.ulisboa.tecnico.socialsoftware.ms.sagas.workflow.SagaSyncStep","thread_name":"main","level":"INFO","level_value":20000}
{"@timestamp":"2025-05-20T16:54:23.742038+01:00","@version":"1","message":"Loaded and registered read for aggregate ID: 1","logger_name":"pt.ulisboa.tecnico.socialsoftware.ms.sagas.unitOfWork.SagaUnitOfWorkService","thread_name":"main","level":"INFO","level_value":20000}
{"@timestamp":"2025-05-20T16:54:23.79942+01:00","@version":"1","message":"END EXECUTION FUNCTIONALITY: createTopic with version 9","logger_name":"pt.ulisboa.tecnico.socialsoftware.ms.sagas.workflow.SagaSyncStep","thread_name":"main","level":"INFO","level_value":20000}
{"@timestamp":"2025-05-20T16:54:23.803781+01:00","@version":"1","message":"START EXECUTION FUNCTIONALITY: createTopic with version 10","logger_name":"pt.ulisboa.tecnico.socialsoftware.ms.sagas.workflow.SagaSyncStep","thread_name":"main","level":"INFO","level_value":20000}
{"@timestamp":"2025-05-20T16:54:23.834232+01:00","@version":"1","message":"Loaded and registered read for aggregate ID: 1","logger_name":"pt.ulisboa.tecnico.socialsoftware.ms.sagas.unitOfWork.SagaUnitOfWorkService","thread_name":"main","level":"INFO","level_value":20000}
{"@timestamp":"2025-05-20T16:54:23.88422+01:00","@version":"1","message":"END EXECUTION FUNCTIONALITY: createTopic with version 10","logger_name":"pt.ulisboa.tecnico.socialsoftware.ms.sagas.workflow.SagaSyncStep","thread_name":"main","level":"INFO","level_value":20000}
{"@timestamp":"2025-05-20T16:54:23.889274+01:00","@version":"1","message":"START EXECUTION FUNCTIONALITY: createTopic with version 11","logger_name":"pt.ulisboa.tecnico.socialsoftware.ms.sagas.workflow.SagaSyncStep","thread_name":"main","level":"INFO","level_value":20000}
{"@timestamp":"2025-05-20T16:54:23.917587+01:00","@version":"1","message":"Loaded and registered read for aggregate ID: 1","logger_name":"pt.ulisboa.tecnico.socialsoftware.ms.sagas.unitOfWork.SagaUnitOfWorkService","thread_name":"main","level":"INFO","level_value":20000}
{"@timestamp":"2025-05-20T16:54:23.968839+01:00","@version":"1","message":"END EXECUTION FUNCTIONALITY: createTopic with version 11","logger_name":"pt.ulisboa.tecnico.socialsoftware.ms.sagas.workflow.SagaSyncStep","thread_name":"main","level":"INFO","level_value":20000}
{"@timestamp":"2025-05-20T16:54:24.004292+01:00","@version":"1","message":"START EXECUTION FUNCTIONALITY: createQuestion with version 12","logger_name":"pt.ulisboa.tecnico.socialsoftware.ms.sagas.workflow.SagaSyncStep","thread_name":"main","level":"INFO","level_value":20000}
{"@timestamp":"2025-05-20T16:54:24.030089+01:00","@version":"1","message":"Loaded and registered read for aggregate ID: 1","logger_name":"pt.ulisboa.tecnico.socialsoftware.ms.sagas.unitOfWork.SagaUnitOfWorkService","thread_name":"main","level":"INFO","level_value":20000}
{"@timestamp":"2025-05-20T16:54:24.049245+01:00","@version":"1","message":"Loaded and registered read for aggregate ID: 5","logger_name":"pt.ulisboa.tecnico.socialsoftware.ms.sagas.unitOfWork.SagaUnitOfWorkService","thread_name":"main","level":"INFO","level_value":20000}
{"@timestamp":"2025-05-20T16:54:24.105723+01:00","@version":"1","message":"END EXECUTION FUNCTIONALITY: createQuestion with version 12","logger_name":"pt.ulisboa.tecnico.socialsoftware.ms.sagas.workflow.SagaSyncStep","thread_name":"main","level":"INFO","level_value":20000}
{"@timestamp":"2025-05-20T16:54:24.111623+01:00","@version":"1","message":"START EXECUTION FUNCTIONALITY: createQuestion with version 13","logger_name":"pt.ulisboa.tecnico.socialsoftware.ms.sagas.workflow.SagaSyncStep","thread_name":"main","level":"INFO","level_value":20000}
{"@timestamp":"2025-05-20T16:54:24.136752+01:00","@version":"1","message":"Loaded and registered read for aggregate ID: 6","logger_name":"pt.ulisboa.tecnico.socialsoftware.ms.sagas.unitOfWork.SagaUnitOfWorkService","thread_name":"main","level":"INFO","level_value":20000}
{"@timestamp":"2025-05-20T16:54:24.151469+01:00","@version":"1","message":"Loaded and registered read for aggregate ID: 1","logger_name":"pt.ulisboa.tecnico.socialsoftware.ms.sagas.unitOfWork.SagaUnitOfWorkService","thread_name":"main","level":"INFO","level_value":20000}
{"@timestamp":"2025-05-20T16:54:24.200167+01:00","@version":"1","message":"END EXECUTION FUNCTIONALITY: createQuestion with version 13","logger_name":"pt.ulisboa.tecnico.socialsoftware.ms.sagas.workflow.SagaSyncStep","thread_name":"main","level":"INFO","level_value":20000}
{"@timestamp":"2025-05-20T16:54:24.207231+01:00","@version":"1","message":"START EXECUTION FUNCTIONALITY: createQuestion with version 14","logger_name":"pt.ulisboa.tecnico.socialsoftware.ms.sagas.workflow.SagaSyncStep","thread_name":"main","level":"INFO","level_value":20000}
{"@timestamp":"2025-05-20T16:54:24.23563+01:00","@version":"1","message":"Loaded and registered read for aggregate ID: 1","logger_name":"pt.ulisboa.tecnico.socialsoftware.ms.sagas.unitOfWork.SagaUnitOfWorkService","thread_name":"main","level":"INFO","level_value":20000}
{"@timestamp":"2025-05-20T16:54:24.250332+01:00","@version":"1","message":"Loaded and registered read for aggregate ID: 7","logger_name":"pt.ulisboa.tecnico.socialsoftware.ms.sagas.unitOfWork.SagaUnitOfWorkService","thread_name":"main","level":"INFO","level_value":20000}
{"@timestamp":"2025-05-20T16:54:24.307036+01:00","@version":"1","message":"END EXECUTION FUNCTIONALITY: createQuestion with version 14","logger_name":"pt.ulisboa.tecnico.socialsoftware.ms.sagas.workflow.SagaSyncStep","thread_name":"main","level":"INFO","level_value":20000}
{"@timestamp":"2025-05-20T16:54:24.351765+01:00","@version":"1","message":"START EXECUTION FUNCTIONALITY: createTournament with version 15","logger_name":"pt.ulisboa.tecnico.socialsoftware.ms.sagas.workflow.SagaSyncStep","thread_name":"main","level":"INFO","level_value":20000}
{"@timestamp":"2025-05-20T16:54:24.457011+01:00","@version":"1","message":"Loaded and registered read for aggregate ID: 5","logger_name":"pt.ulisboa.tecnico.socialsoftware.ms.sagas.unitOfWork.SagaUnitOfWorkService","thread_name":"main","level":"INFO","level_value":20000}
{"@timestamp":"2025-05-20T16:54:24.48455+01:00","@version":"1","message":"Loaded and registered read for aggregate ID: 6","logger_name":"pt.ulisboa.tecnico.socialsoftware.ms.sagas.unitOfWork.SagaUnitOfWorkService","thread_name":"main","level":"INFO","level_value":20000}
{"@timestamp":"2025-05-20T16:54:24.498482+01:00","@version":"1","message":"Loaded and registered read for aggregate ID: 2","logger_name":"pt.ulisboa.tecnico.socialsoftware.ms.sagas.unitOfWork.SagaUnitOfWorkService","thread_name":"main","level":"INFO","level_value":20000}
{"@timestamp":"2025-05-20T16:54:24.516048+01:00","@version":"1","message":"Loaded and registered read for aggregate ID: 2","logger_name":"pt.ulisboa.tecnico.socialsoftware.ms.sagas.unitOfWork.SagaUnitOfWorkService","thread_name":"main","level":"INFO","level_value":20000}
{"@timestamp":"2025-05-20T16:54:24.530761+01:00","@version":"1","message":"Loaded and registered read for aggregate ID: 8","logger_name":"pt.ulisboa.tecnico.socialsoftware.ms.sagas.unitOfWork.SagaUnitOfWorkService","thread_name":"main","level":"INFO","level_value":20000}
{"@timestamp":"2025-05-20T16:54:24.540072+01:00","@version":"1","message":"Loaded and registered read for aggregate ID: 9","logger_name":"pt.ulisboa.tecnico.socialsoftware.ms.sagas.unitOfWork.SagaUnitOfWorkService","thread_name":"main","level":"INFO","level_value":20000}
{"@timestamp":"2025-05-20T16:54:24.566746+01:00","@version":"1","message":"Loaded and registered read for aggregate ID: 2","logger_name":"pt.ulisboa.tecnico.socialsoftware.ms.sagas.unitOfWork.SagaUnitOfWorkService","thread_name":"main","level":"INFO","level_value":20000}
{"@timestamp":"2025-05-20T16:54:24.627007+01:00","@version":"1","message":"END EXECUTION FUNCTIONALITY: createTournament with version 16","logger_name":"pt.ulisboa.tecnico.socialsoftware.ms.sagas.workflow.SagaSyncStep","thread_name":"main","level":"INFO","level_value":20000}
{"@timestamp":"2025-05-20T16:54:24.682037+01:00","@version":"1","message":"EXECUTE FUNCTIONALITY: UpdateTournamentFunctionalitySagas with version 17 until step updateTournamentStep","logger_name":"pt.ulisboa.tecnico.socialsoftware.ms.sagas.workflow.SagaSyncStep","thread_name":"main","level":"INFO","level_value":20000}
{"@timestamp":"2025-05-20T16:54:24.683748+01:00","@version":"1","message":"Functionality: UpdateTournamentFunctionalitySagas\nBehaviour: {getOriginalTournamentStep=[0, 0, 0], getTopicsStep=[0, 0, 0], updateTournamentStep=[0, 0, 0], updateQuizStep=[1, 0, 0]}\nSteps: [getOriginalTournamentStep, getTopicsStep, updateTournamentStep, updateQuizStep]\nNon Defined Steps: []\nMismatch Steps: []\n","logger_name":"pt.ulisboa.tecnico.socialsoftware.ms.coordination.workflow.ExecutionPlan","thread_name":"main","level":"INFO","level_value":20000}
{"@timestamp":"2025-05-20T16:54:24.683937+01:00","@version":"1","message":"\u001B[32mBehaviour matches expectations\u001B[0m","logger_name":"pt.ulisboa.tecnico.socialsoftware.ms.coordination.workflow.ExecutionPlan","thread_name":"main","level":"INFO","level_value":20000}
{"@timestamp":"2025-05-20T16:54:24.70872+01:00","@version":"1","message":"Loaded and registered read for aggregate ID: 12","logger_name":"pt.ulisboa.tecnico.socialsoftware.ms.sagas.unitOfWork.SagaUnitOfWorkService","thread_name":"main","level":"INFO","level_value":20000}
{"@timestamp":"2025-05-20T16:54:24.715501+01:00","@version":"1","message":"Loaded and registered read for aggregate ID: 5","logger_name":"pt.ulisboa.tecnico.socialsoftware.ms.sagas.unitOfWork.SagaUnitOfWorkService","thread_name":"main","level":"INFO","level_value":20000}
{"@timestamp":"2025-05-20T16:54:24.720487+01:00","@version":"1","message":"Loaded and registered read for aggregate ID: 6","logger_name":"pt.ulisboa.tecnico.socialsoftware.ms.sagas.unitOfWork.SagaUnitOfWorkService","thread_name":"main","level":"INFO","level_value":20000}
{"@timestamp":"2025-05-20T16:54:24.725274+01:00","@version":"1","message":"Loaded and registered read for aggregate ID: 7","logger_name":"pt.ulisboa.tecnico.socialsoftware.ms.sagas.unitOfWork.SagaUnitOfWorkService","thread_name":"main","level":"INFO","level_value":20000}
{"@timestamp":"2025-05-20T16:54:24.734627+01:00","@version":"1","message":"Loaded and registered read for aggregate ID: 12","logger_name":"pt.ulisboa.tecnico.socialsoftware.ms.sagas.unitOfWork.SagaUnitOfWorkService","thread_name":"main","level":"INFO","level_value":20000}
{"@timestamp":"2025-05-20T16:54:24.75197+01:00","@version":"1","message":"START EXECUTION FUNCTIONALITY: findTournament with version 18","logger_name":"pt.ulisboa.tecnico.socialsoftware.ms.sagas.workflow.SagaSyncStep","thread_name":"main","level":"INFO","level_value":20000}
{"@timestamp":"2025-05-20T16:54:24.767272+01:00","@version":"1","message":"Loaded and registered read for aggregate ID: 12","logger_name":"pt.ulisboa.tecnico.socialsoftware.ms.sagas.unitOfWork.SagaUnitOfWorkService","thread_name":"main","level":"INFO","level_value":20000}
{"@timestamp":"2025-05-20T16:54:24.767751+01:00","@version":"1","message":"END EXECUTION FUNCTIONALITY: findTournament with version 18","logger_name":"pt.ulisboa.tecnico.socialsoftware.ms.sagas.workflow.SagaSyncStep","thread_name":"main","level":"INFO","level_value":20000}
{"@timestamp":"2025-05-20T16:54:24.774185+01:00","@version":"1","message":"EXECUTE FUNCTIONALITY: UpdateTournamentFunctionalitySagas with version 17 until end","logger_name":"pt.ulisboa.tecnico.socialsoftware.ms.sagas.workflow.SagaSyncStep","thread_name":"main","level":"INFO","level_value":20000}
{"@timestamp":"2025-05-20T16:54:24.774713+01:00","@version":"1","message":"updateQuizStep Microservice not available","logger_name":"pt.ulisboa.tecnico.socialsoftware.ms.exception.SimulatorException","thread_name":"main","level":"INFO","level_value":20000}
{"@timestamp":"2025-05-20T16:54:24.786983+01:00","@version":"1","message":"Loaded and registered read for aggregate ID: 12","logger_name":"pt.ulisboa.tecnico.socialsoftware.ms.sagas.unitOfWork.SagaUnitOfWorkService","thread_name":"main","level":"INFO","level_value":20000}
{"@timestamp":"2025-05-20T16:54:24.792216+01:00","@version":"1","message":"ABORT EXECUTION FUNCTIONALITY: UpdateTournamentFunctionalitySagas with version 18","logger_name":"pt.ulisboa.tecnico.socialsoftware.ms.sagas.workflow.SagaSyncStep","thread_name":"main","level":"INFO","level_value":20000}
{"@timestamp":"2025-05-20T16:54:25.014013+01:00","@version":"1","message":"START EXECUTION FUNCTIONALITY: findTournament with version 19","logger_name":"pt.ulisboa.tecnico.socialsoftware.ms.sagas.workflow.SagaSyncStep","thread_name":"main","level":"INFO","level_value":20000}
{"@timestamp":"2025-05-20T16:54:25.030438+01:00","@version":"1","message":"Loaded and registered read for aggregate ID: 12","logger_name":"pt.ulisboa.tecnico.socialsoftware.ms.sagas.unitOfWork.SagaUnitOfWorkService","thread_name":"main","level":"INFO","level_value":20000}
{"@timestamp":"2025-05-20T16:54:25.030905+01:00","@version":"1","message":"END EXECUTION FUNCTIONALITY: findTournament with version 19","logger_name":"pt.ulisboa.tecnico.socialsoftware.ms.sagas.workflow.SagaSyncStep","thread_name":"main","level":"INFO","level_value":20000}
{"@timestamp":"2025-05-20T16:54:25.056402+01:00","@version":"1","message":"START EXECUTION FUNCTIONALITY: UpdateTournamentFunctionalitySagas with version 18","logger_name":"pt.ulisboa.tecnico.socialsoftware.ms.sagas.workflow.SagaSyncStep","thread_name":"main","level":"INFO","level_value":20000}
{"@timestamp":"2025-05-20T16:54:25.056975+01:00","@version":"1","message":"Functionality: UpdateTournamentFunctionalitySagas\nBehaviour: {getOriginalTournamentStep=[0, 0, 0], getTopicsStep=[1, 0, 0], updateTournamentStep=[0, 0, 0], updateQuizStep=[0, 0, 0]}\nSteps: [getOriginalTournamentStep, getTopicsStep, updateTournamentStep, updateQuizStep]\nNon Defined Steps: []\nMismatch Steps: []\n","logger_name":"pt.ulisboa.tecnico.socialsoftware.ms.coordination.workflow.ExecutionPlan","thread_name":"main","level":"INFO","level_value":20000}
{"@timestamp":"2025-05-20T16:54:25.057132+01:00","@version":"1","message":"\u001B[32mBehaviour matches expectations\u001B[0m","logger_name":"pt.ulisboa.tecnico.socialsoftware.ms.coordination.workflow.ExecutionPlan","thread_name":"main","level":"INFO","level_value":20000}
{"@timestamp":"2025-05-20T16:54:25.073545+01:00","@version":"1","message":"Loaded and registered read for aggregate ID: 12","logger_name":"pt.ulisboa.tecnico.socialsoftware.ms.sagas.unitOfWork.SagaUnitOfWorkService","thread_name":"main","level":"INFO","level_value":20000}
{"@timestamp":"2025-05-20T16:54:25.073994+01:00","@version":"1","message":"getTopicsStep Microservice not available","logger_name":"pt.ulisboa.tecnico.socialsoftware.ms.exception.SimulatorException","thread_name":"main","level":"INFO","level_value":20000}
{"@timestamp":"2025-05-20T16:54:25.088664+01:00","@version":"1","message":"Loaded and registered read for aggregate ID: 12","logger_name":"pt.ulisboa.tecnico.socialsoftware.ms.sagas.unitOfWork.SagaUnitOfWorkService","thread_name":"main","level":"INFO","level_value":20000}
{"@timestamp":"2025-05-20T16:54:25.094352+01:00","@version":"1","message":"ABORT EXECUTION FUNCTIONALITY: UpdateTournamentFunctionalitySagas with version 19","logger_name":"pt.ulisboa.tecnico.socialsoftware.ms.sagas.workflow.SagaSyncStep","thread_name":"main","level":"INFO","level_value":20000}
{"@timestamp":"2025-05-20T16:54:25.128281+01:00","@version":"1","message":"START EXECUTION FUNCTIONALITY: UpdateTournamentFunctionalitySagas with version 19","logger_name":"pt.ulisboa.tecnico.socialsoftware.ms.sagas.workflow.SagaSyncStep","thread_name":"main","level":"INFO","level_value":20000}
{"@timestamp":"2025-05-20T16:54:25.129093+01:00","@version":"1","message":"Functionality: UpdateTournamentFunctionalitySagas\nBehaviour: {getOriginalTournamentStep=[0, 0, 0], getTopicsStep=[0, 0, 0], updateTournamentStep=[0, 0, 0], updateQuizStep=[0, 0, 0]}\nSteps: [getOriginalTournamentStep, getTopicsStep, updateTournamentStep, updateQuizStep]\nNon Defined Steps: []\nMismatch Steps: []\n","logger_name":"pt.ulisboa.tecnico.socialsoftware.ms.coordination.workflow.ExecutionPlan","thread_name":"main","level":"INFO","level_value":20000}
{"@timestamp":"2025-05-20T16:54:25.129279+01:00","@version":"1","message":"\u001B[32mBehaviour matches expectations\u001B[0m","logger_name":"pt.ulisboa.tecnico.socialsoftware.ms.coordination.workflow.ExecutionPlan","thread_name":"main","level":"INFO","level_value":20000}
{"@timestamp":"2025-05-20T16:54:25.160965+01:00","@version":"1","message":"Loaded and registered read for aggregate ID: 12","logger_name":"pt.ulisboa.tecnico.socialsoftware.ms.sagas.unitOfWork.SagaUnitOfWorkService","thread_name":"main","level":"INFO","level_value":20000}
{"@timestamp":"2025-05-20T16:54:25.172078+01:00","@version":"1","message":"Loaded and registered read for aggregate ID: 5","logger_name":"pt.ulisboa.tecnico.socialsoftware.ms.sagas.unitOfWork.SagaUnitOfWorkService","thread_name":"main","level":"INFO","level_value":20000}
{"@timestamp":"2025-05-20T16:54:25.178031+01:00","@version":"1","message":"Loaded and registered read for aggregate ID: 6","logger_name":"pt.ulisboa.tecnico.socialsoftware.ms.sagas.unitOfWork.SagaUnitOfWorkService","thread_name":"main","level":"INFO","level_value":20000}
{"@timestamp":"2025-05-20T16:54:25.185228+01:00","@version":"1","message":"Loaded and registered read for aggregate ID: 7","logger_name":"pt.ulisboa.tecnico.socialsoftware.ms.sagas.unitOfWork.SagaUnitOfWorkService","thread_name":"main","level":"INFO","level_value":20000}
{"@timestamp":"2025-05-20T16:54:25.190355+01:00","@version":"1","message":"Loaded and registered read for aggregate ID: 12","logger_name":"pt.ulisboa.tecnico.socialsoftware.ms.sagas.unitOfWork.SagaUnitOfWorkService","thread_name":"main","level":"INFO","level_value":20000}
{"@timestamp":"2025-05-20T16:54:25.223232+01:00","@version":"1","message":"Loaded and registered read for aggregate ID: 11","logger_name":"pt.ulisboa.tecnico.socialsoftware.ms.sagas.unitOfWork.SagaUnitOfWorkService","thread_name":"main","level":"INFO","level_value":20000}
{"@timestamp":"2025-05-20T16:54:25.249347+01:00","@version":"1","message":"Loaded and registered read for aggregate ID: 8","logger_name":"pt.ulisboa.tecnico.socialsoftware.ms.sagas.unitOfWork.SagaUnitOfWorkService","thread_name":"main","level":"INFO","level_value":20000}
{"@timestamp":"2025-05-20T16:54:25.256394+01:00","@version":"1","message":"Loaded and registered read for aggregate ID: 9","logger_name":"pt.ulisboa.tecnico.socialsoftware.ms.sagas.unitOfWork.SagaUnitOfWorkService","thread_name":"main","level":"INFO","level_value":20000}
{"@timestamp":"2025-05-20T16:54:25.262631+01:00","@version":"1","message":"Loaded and registered read for aggregate ID: 10","logger_name":"pt.ulisboa.tecnico.socialsoftware.ms.sagas.unitOfWork.SagaUnitOfWorkService","thread_name":"main","level":"INFO","level_value":20000}
{"@timestamp":"2025-05-20T16:54:25.362142+01:00","@version":"1","message":"END EXECUTION FUNCTIONALITY: UpdateTournamentFunctionalitySagas with version 21","logger_name":"pt.ulisboa.tecnico.socialsoftware.ms.sagas.workflow.SagaSyncStep","thread_name":"main","level":"INFO","level_value":20000}
{"@timestamp":"2025-05-20T16:54:25.385873+01:00","@version":"1","message":"START EXECUTION FUNCTIONALITY: findQuiz with version 22","logger_name":"pt.ulisboa.tecnico.socialsoftware.ms.sagas.workflow.SagaSyncStep","thread_name":"main","level":"INFO","level_value":20000}
{"@timestamp":"2025-05-20T16:54:25.477953+01:00","@version":"1","message":"Loaded and registered read for aggregate ID: 11","logger_name":"pt.ulisboa.tecnico.socialsoftware.ms.sagas.unitOfWork.SagaUnitOfWorkService","thread_name":"main","level":"INFO","level_value":20000}
{"@timestamp":"2025-05-20T16:54:25.479515+01:00","@version":"1","message":"END EXECUTION FUNCTIONALITY: findQuiz with version 22","logger_name":"pt.ulisboa.tecnico.socialsoftware.ms.sagas.workflow.SagaSyncStep","thread_name":"main","level":"INFO","level_value":20000}
{"@timestamp":"2025-05-20T16:54:25.633658+01:00","@version":"1","message":"Closing JPA EntityManagerFactory for persistence unit 'default'","logger_name":"org.springframework.orm.jpa.LocalContainerEntityManagerFactoryBean","thread_name":"SpringApplicationShutdownHook","level":"INFO","level_value":20000}
